Log file created on Mon Nov 10 19:01:35 CET 2014
IMPORTANT:
Because updating this file after every log message would kill
performance, it will be *incomplete* unless you invoke the
Utilities->Troubleshooting->Update Activity Log on Disk command!
19:01:35 [main] [message] Log: When reporting bugs, please include the following information:
19:01:35 [main] [message] Log: java.version=1.7.0_55
19:01:35 [main] [message] Log: java.vm.version=24.55-b03
19:01:35 [main] [message] Log: java.vm.name=Java HotSpot(TM) 64-Bit Server VM
19:01:35 [main] [message] Log: java.runtime.version=1.7.0_55-b13
19:01:35 [main] [message] Log: java.runtime.name=Java(TM) SE Runtime Environment
19:01:35 [main] [message] Log: java.vendor=Oracle Corporation
19:01:35 [main] [message] Log: java.compiler=null
19:01:35 [main] [message] Log: os.name=Windows 8.1
19:01:35 [main] [message] Log: os.version=6.3
19:01:35 [main] [message] Log: os.arch=amd64
19:01:35 [main] [message] Log: user.home=C:\Users\Abdinasir
19:01:35 [main] [message] Log: java.home=C:\Program Files\Java\jre7
19:01:35 [main] [message] Log: java.class.path=C:\Users\Abdinasir\Documents\GitHub\jEdit\build\jedit.jar
19:01:35 [main] [message] jEdit: starting with command line arguments: -settings=C:\Users\Abdinasir\Documents\GitHub\jEdit\build/settings
19:01:35 [main] [debug] jEdit: before splash screen activation:45 ms
19:01:35 [main] [debug] jEdit: after splash screen activation:232 ms
19:01:35 [main] [debug] MiscUtilities: Saving backup of file "C:\Users\Abdinasir\Documents\GitHub\jEdit\build\settings\activity.log" to "C:\Users\Abdinasir\Documents\GitHub\jEdit\build\settings\settings-backup\activity.log~1~"
19:01:35 [main] [notice] jEdit: jEdit version 5.1.0
19:01:35 [main] [message] jEdit: Settings directory is C:\Users\Abdinasir\Documents\GitHub\jEdit\build\settings
19:01:35 [main] [message] jEdit: jEdit home directory is C:\Users\Abdinasir\Documents\GitHub\jEdit\build
19:01:35 [main] [debug] SplashScreen: init:20/193ms
19:01:35 [main] [debug] SplashScreen: init system properties:34/227ms
19:01:35 [main] [message] BeanShell: Beanshell Init
19:01:35 [main] [debug] SplashScreen: init beanshell:38/265ms
19:01:35 [main] [debug] SplashScreen: loading site properties:2/267ms
19:01:35 [main] [debug] SplashScreen: loading user properties:29/296ms
19:01:35 [main] [debug] GUIUtilities: Icon theme set to: tango
19:01:35 [main] [debug] GUIUtilities: Loading icon theme from: jeditresource:/org/gjt/sp/jedit/icons/themes/tango/
19:01:35 [main] [debug] SplashScreen: init GUI:4/300ms
19:01:35 [main] [debug] EditServer: jEdit server started on port 52851
19:01:35 [main] [debug] EditServer: Authorization key is 615049392
19:01:35 [main] [debug] SplashScreen: init server:9/309ms
19:01:35 [main] [debug] jEdit: initPLAF non-edt old=javax.swing.plaf.metal.MetalLookAndFeel requested=null new=javax.swing.plaf.metal.MetalLookAndFeel
19:01:35 [main] [warning] jEdit: initPLAF failed to set required l&f
19:01:35 [main] [debug] SplashScreen: init look and feel:4/313ms
19:01:35 [main] [debug] SplashScreen: init VFS Manager:2/315ms
19:01:35 [main] [debug] ActionSet: Loading actions from jar:file:/C:/Users/Abdinasir/Documents/GitHub/jEdit/build/jedit.jar!/org/gjt/sp/jedit/actions.xml
19:01:35 [main] [debug] DockableWindowManager: Loading dockables from jar:file:/C:/Users/Abdinasir/Documents/GitHub/jEdit/build/jedit.jar!/org/gjt/sp/jedit/dockables.xml
19:01:35 [main] [debug] SplashScreen: init resources:93/408ms
19:01:35 [AWT-EventQueue-0] [debug] EditBus: SearchSettingsChanged[source=null]
19:01:35 [main] [debug] SplashScreen: Migrate keymaps:46/454ms
19:01:35 [main] [notice] jEdit: Loading plugins from C:\Users\Abdinasir\Documents\GitHub\jEdit\build\jars
19:01:35 [AWT-EventQueue-0] [debug] EditBus: PluginUpdate[what=LOADED,exit=false,version=5.0,source=C:\Users\Abdinasir\Documents\GitHub\jEdit\build\jars\QuickNotepad.jar,class=QuickNotepadPlugin]
19:01:35 [main] [notice] jEdit: Loading plugins from C:\Users\Abdinasir\Documents\GitHub\jEdit\build\settings\jars
19:01:35 [main] [debug] SplashScreen: init plugins:18/472ms
19:01:35 [main] [message] HistoryModel: Loading history
19:01:35 [main] [debug] SplashScreen: init history model:7/479ms
19:01:35 [main] [message] BufferHistory: Loading C:\Users\Abdinasir\Documents\GitHub\jEdit\build\settings\recent.xml
19:01:35 [main] [debug] SplashScreen: init buffer history:7/486ms
19:01:35 [main] [message] KillRing: Loading C:\Users\Abdinasir\Documents\GitHub\jEdit\build\settings\killring.xml
19:01:35 [main] [debug] SplashScreen: init killring:10/496ms
19:01:35 [main] [debug] jEdit: initPLAF non-edt old=javax.swing.plaf.metal.MetalLookAndFeel requested=null new=javax.swing.plaf.metal.MetalLookAndFeel
19:01:35 [main] [warning] jEdit: initPLAF failed to set required l&f
19:01:35 [main] [debug] jEdit: SOCKS proxy disabled
19:01:35 [main] [debug] jEdit: HTTP proxy disabled
19:01:35 [AWT-EventQueue-0] [debug] EditBus: PropertiesChanged[source=null]
19:01:35 [main] [debug] SplashScreen: init various properties:62/558ms
19:01:35 [main] [message] jEdit: Loading mode catalog file C:\Users\Abdinasir\Documents\GitHub\jEdit\build\modes\catalog
19:01:35 [main] [message] jEdit: Loading mode catalog file C:\Users\Abdinasir\Documents\GitHub\jEdit\build\settings\modes\catalog
19:01:35 [main] [debug] SplashScreen: init modes:63/621ms
19:01:35 [main] [debug] SplashScreen: activate plugins:4/625ms
19:01:35 [main] [debug] Macros: Registered beanshell macro handler
19:01:35 [AWT-EventQueue-0] [debug] EditBus: DynamicMenuChanged[menu=macros,source=null]
19:01:35 [main] [message] BeanShell: Running script C:\Users\Abdinasir\Documents\GitHub\jEdit\build\startup\startup.bsh
19:01:35 [main] [notice] jEdit$3: Loading edit mode C:\Users\Abdinasir\Documents\GitHub\jEdit\build\modes\text.xml
19:01:35 [main] [debug] String: BeanShell interpreter version 2.0b4-jedit
19:01:36 [main] [debug] SplashScreen: init macros:147/772ms
19:01:36 [main] [debug] SplashScreen: run startup scripts:1/773ms
19:01:36 [main] [debug] SplashScreen: run startup scripts:2/774ms
19:01:36 [main] [debug] jEdit: main done:856 ms
19:01:36 [AWT-EventQueue-0] [message] PerspectiveManager: Loading C:\Users\Abdinasir\Documents\GitHub\jEdit\build\settings\perspective.xml
19:01:36 [AWT-EventQueue-0] [debug] EditBus: BufferUpdate[what=PROPERTIES_CHANGED,view=null,source=Untitled-1 (%USERPROFILE%\)]
19:01:36 [AWT-EventQueue-0] [debug] EditBus: BufferUpdate[what=CREATED,view=null,source=Untitled-1 (%USERPROFILE%\)]
19:01:36 [AWT-EventQueue-0] [debug] EditBus: BufferUpdate[what=LOAD_STARTED,view=null,source=Untitled-1 (%USERPROFILE%\)]
19:01:36 [AWT-EventQueue-0] [debug] EditBus: BufferUpdate[what=LOADED,view=null,source=Untitled-1 (%USERPROFILE%\)]
19:01:36 [AWT-EventQueue-0] [debug] BufferSet: 1206841345: addBufferSetListener org.gjt.sp.jedit.EditPane[inactive]
19:01:36 [AWT-EventQueue-0] [debug] EditBus: BufferChanging[what=BUFFER_CHANGING,source=org.gjt.sp.jedit.EditPane[inactive]]
19:01:36 [AWT-EventQueue-0] [debug] jEdit: checkBufferStatus for current buffer: null
19:01:36 [AWT-EventQueue-0] [debug] BufferSet: 1206841345 addBufferAt(Untitled-1 (%USERPROFILE%\),-1)
19:01:36 [AWT-EventQueue-0] [debug] BufferSet: 1206841345: Buffer added Untitled-1 (%USERPROFILE%\) at 0
19:01:36 [AWT-EventQueue-0] [debug] EditBus: EditPaneUpdate[what=CREATED,source=org.gjt.sp.jedit.EditPane[inactive]]
19:01:36 [AWT-EventQueue-0] [debug] BufferSet: 1206841345 addBufferAt(Untitled-1 (%USERPROFILE%\),0)
19:01:36 [AWT-EventQueue-0] [debug] EditBus: ViewUpdate[what=CREATED,source=org.gjt.sp.jedit.View[active]]
19:01:36 [AWT-EventQueue-0] [debug] EditBus: EditorStarted[source=null]
19:01:36 [AWT-EventQueue-0] [message] jEdit: Startup complete: 1355 ms
19:01:36 [AWT-EventQueue-0] [debug] EditBus: ViewUpdate[what=VIEW_ACTIVATED,source=org.gjt.sp.jedit.View[active]]
19:01:36 [AWT-EventQueue-0] [debug] JEditTextArea: InputMethodSupport is activated
19:02:05 [AWT-EventQueue-0] [debug] MiscUtilities: Saving backup of file "C:\Users\Abdinasir\Documents\GitHub\jEdit\build\settings\perspective.xml" to "C:\Users\Abdinasir\Documents\GitHub\jEdit\build\settings\settings-backup\perspective.xml~1~"
19:06:51 [AWT-EventQueue-0] [debug] EditBus: ViewUpdate[what=VIEW_ACTIVATED,source=org.gjt.sp.jedit.View[active]]
19:06:51 [AWT-EventQueue-0] [debug] jEdit: checkBufferStatus for all buffers
19:09:47 [AWT-EventQueue-0] [debug] EditBus: ViewUpdate[what=VIEW_ACTIVATED,source=org.gjt.sp.jedit.View[active]]
19:09:47 [AWT-EventQueue-0] [debug] jEdit: checkBufferStatus for all buffers
19:19:36 [AWT-EventQueue-0] [debug] EditBus: ViewUpdate[what=VIEW_ACTIVATED,source=org.gjt.sp.jedit.View[active]]
19:19:36 [AWT-EventQueue-0] [debug] jEdit: checkBufferStatus for all buffers
19:19:49 [AWT-EventQueue-0] [debug] EditBus: ViewUpdate[what=VIEW_ACTIVATED,source=org.gjt.sp.jedit.View[active]]
19:19:49 [AWT-EventQueue-0] [debug] jEdit: checkBufferStatus for all buffers
19:20:47 [AWT-EventQueue-0] [debug] EditBus: ViewUpdate[what=VIEW_ACTIVATED,source=org.gjt.sp.jedit.View[active]]
19:20:47 [AWT-EventQueue-0] [debug] jEdit: checkBufferStatus for all buffers
19:20:51 [AWT-EventQueue-0] [debug] EditBus: PositionChanging[what=POSITION_CHANGING,source=org.gjt.sp.jedit.EditPane[active]]
19:20:51 [AWT-EventQueue-0] [debug] EditBus: BufferUpdate[what=DIRTY_CHANGED,view=null,source=Untitled-1 (%USERPROFILE%\)]
19:21:22 [AWT-EventQueue-0] [debug] EditBus: BufferUpdate[what=LOAD_STARTED,view=org.gjt.sp.jedit.View[active],source=Untitled-2 (%USERPROFILE%\)]
19:21:22 [AWT-EventQueue-0] [debug] EditBus: BufferUpdate[what=PROPERTIES_CHANGED,view=null,source=Untitled-2 (%USERPROFILE%\)]
19:21:22 [AWT-EventQueue-0] [debug] EditBus: BufferUpdate[what=LOADED,view=org.gjt.sp.jedit.View[active],source=Untitled-2 (%USERPROFILE%\)]
19:21:22 [AWT-EventQueue-0] [debug] BufferSet: 1206841345 addBufferAt(Untitled-2 (%USERPROFILE%\),-1)
19:21:22 [AWT-EventQueue-0] [debug] BufferSet: 1206841345: Buffer added Untitled-2 (%USERPROFILE%\) at 1
19:21:22 [AWT-EventQueue-0] [debug] EditBus: BufferUpdate[what=CREATED,view=org.gjt.sp.jedit.View[active],source=Untitled-2 (%USERPROFILE%\)]
19:21:22 [AWT-EventQueue-0] [debug] EditBus: BufferChanging[what=BUFFER_CHANGING,source=org.gjt.sp.jedit.EditPane[active]]
19:21:22 [AWT-EventQueue-0] [debug] EditBus: EditPaneUpdate[what=BUFFER_CHANGED,source=org.gjt.sp.jedit.EditPane[active]]
19:21:22 [AWT-EventQueue-0] [debug] jEdit: checkBufferStatus for current buffer: Untitled-2 (%USERPROFILE%\)
19:21:24 [AWT-EventQueue-0] [debug] EditBus: BufferUpdate[what=DIRTY_CHANGED,view=null,source=Untitled-2 (%USERPROFILE%\)]
19:21:25 [AWT-EventQueue-0] [debug] EditBus: PositionChanging[what=POSITION_CHANGING,source=org.gjt.sp.jedit.EditPane[active]]
19:21:25 [AWT-EventQueue-0] [debug] EditBus: PositionChanging[what=POSITION_CHANGING,source=org.gjt.sp.jedit.EditPane[active]]
19:21:25 [AWT-EventQueue-0] [debug] EditBus: PositionChanging[what=POSITION_CHANGING,source=org.gjt.sp.jedit.EditPane[active]]
19:21:26 [AWT-EventQueue-0] [debug] EditBus: PositionChanging[what=POSITION_CHANGING,source=org.gjt.sp.jedit.EditPane[active]]
19:21:31 [AWT-EventQueue-0] [debug] ActionSet: Loading actions from jar:file:/C:/Users/Abdinasir/Documents/GitHub/jEdit/build/jedit.jar!/org/gjt/sp/jedit/browser.actions.xml
19:21:35 [AWT-EventQueue-0] [debug] MiscUtilities: Saving backup of file "C:\Users\Abdinasir\Documents\GitHub\jEdit\build\settings\perspective.xml" to "C:\Users\Abdinasir\Documents\GitHub\jEdit\build\settings\settings-backup\perspective.xml~1~"
19:21:59 [AWT-EventQueue-0] [debug] EditBus: BufferUpdate[what=SAVING,view=org.gjt.sp.jedit.View[active],source=Untitled-2 (%USERPROFILE%\)]
19:21:59 [AWT-EventQueue-0] [debug] EditBus: BufferUpdate[what=PROPERTIES_CHANGED,view=null,source=eksempel1 (%USERPROFILE%\)]
19:21:59 [AWT-EventQueue-0] [debug] EditBus: BufferUpdate[what=DIRTY_CHANGED,view=org.gjt.sp.jedit.View[active],source=eksempel1 (%USERPROFILE%\)]
19:21:59 [AWT-EventQueue-0] [debug] EditBus: BufferUpdate[what=SAVED,view=org.gjt.sp.jedit.View[active],source=eksempel1 (%USERPROFILE%\)]
19:21:59 [AWT-EventQueue-0] [debug] EditBus: VFSUpdate[path=C:\Users\Abdinasir,source=null]
19:21:59 [AWT-EventQueue-0] [debug] EditBus: VFSUpdate[path=C:\Users\Abdinasir\#eksempel1#save#,source=null]
19:21:59 [AWT-EventQueue-0] [debug] EditBus: VFSUpdate[path=C:\Users\Abdinasir\eksempel1,source=null]
19:22:02 [AWT-EventQueue-0] [debug] EditBus: BufferUpdate[what=LOAD_STARTED,view=org.gjt.sp.jedit.View[active],source=Untitled-2 (%USERPROFILE%\)]
19:22:02 [AWT-EventQueue-0] [debug] EditBus: BufferUpdate[what=PROPERTIES_CHANGED,view=null,source=Untitled-2 (%USERPROFILE%\)]
19:22:02 [AWT-EventQueue-0] [debug] EditBus: BufferUpdate[what=LOADED,view=org.gjt.sp.jedit.View[active],source=Untitled-2 (%USERPROFILE%\)]
19:22:02 [AWT-EventQueue-0] [debug] BufferSet: 1206841345 addBufferAt(Untitled-2 (%USERPROFILE%\),-1)
19:22:02 [AWT-EventQueue-0] [debug] BufferSet: 1206841345: Buffer added Untitled-2 (%USERPROFILE%\) at 2
19:22:02 [AWT-EventQueue-0] [debug] EditBus: BufferUpdate[what=CREATED,view=org.gjt.sp.jedit.View[active],source=Untitled-2 (%USERPROFILE%\)]
19:22:02 [AWT-EventQueue-0] [debug] EditBus: BufferChanging[what=BUFFER_CHANGING,source=org.gjt.sp.jedit.EditPane[active]]
19:22:02 [AWT-EventQueue-0] [debug] EditBus: DynamicMenuChanged[menu=recent-files,source=null]
19:22:02 [AWT-EventQueue-0] [debug] EditBus: EditPaneUpdate[what=BUFFER_CHANGED,source=org.gjt.sp.jedit.EditPane[active]]
19:22:02 [AWT-EventQueue-0] [debug] jEdit: checkBufferStatus for current buffer: Untitled-2 (%USERPROFILE%\)
19:22:03 [AWT-EventQueue-0] [debug] EditBus: BufferUpdate[what=DIRTY_CHANGED,view=null,source=Untitled-2 (%USERPROFILE%\)]
19:22:04 [AWT-EventQueue-0] [debug] EditBus: PositionChanging[what=POSITION_CHANGING,source=org.gjt.sp.jedit.EditPane[active]]
19:22:04 [AWT-EventQueue-0] [debug] EditBus: PositionChanging[what=POSITION_CHANGING,source=org.gjt.sp.jedit.EditPane[active]]
19:22:04 [AWT-EventQueue-0] [debug] EditBus: PositionChanging[what=POSITION_CHANGING,source=org.gjt.sp.jedit.EditPane[active]]
19:22:05 [AWT-EventQueue-0] [debug] EditBus: PositionChanging[what=POSITION_CHANGING,source=org.gjt.sp.jedit.EditPane[active]]
19:22:05 [AWT-EventQueue-0] [debug] EditBus: PositionChanging[what=POSITION_CHANGING,source=org.gjt.sp.jedit.EditPane[active]]
19:22:05 [AWT-EventQueue-0] [debug] MiscUtilities: Saving backup of file "C:\Users\Abdinasir\Documents\GitHub\jEdit\build\settings\perspective.xml" to "C:\Users\Abdinasir\Documents\GitHub\jEdit\build\settings\settings-backup\perspective.xml~1~"
19:23:09 [AWT-EventQueue-0] [debug] EditBus: BufferUpdate[what=SAVING,view=org.gjt.sp.jedit.View[active],source=Untitled-2 (%USERPROFILE%\)]
19:23:09 [AWT-EventQueue-0] [debug] EditBus: BufferUpdate[what=PROPERTIES_CHANGED,view=null,source=eksempel2 (%USERPROFILE%\SkyDrive\Dokumenter\)]
19:23:09 [AWT-EventQueue-0] [debug] EditBus: BufferUpdate[what=DIRTY_CHANGED,view=org.gjt.sp.jedit.View[active],source=eksempel2 (%USERPROFILE%\SkyDrive\Dokumenter\)]
19:23:09 [AWT-EventQueue-0] [debug] EditBus: BufferUpdate[what=SAVED,view=org.gjt.sp.jedit.View[active],source=eksempel2 (%USERPROFILE%\SkyDrive\Dokumenter\)]
19:23:09 [AWT-EventQueue-0] [debug] EditBus: VFSUpdate[path=C:\Users\Abdinasir\SkyDrive\Dokumenter,source=null]
19:23:09 [AWT-EventQueue-0] [debug] EditBus: VFSUpdate[path=C:\Users\Abdinasir\SkyDrive\Dokumenter\#eksempel2#save#,source=null]
19:23:09 [AWT-EventQueue-0] [debug] EditBus: VFSUpdate[path=C:\Users\Abdinasir\SkyDrive\Dokumenter\eksempel2,source=null]
19:23:14 [AWT-EventQueue-0] [debug] EditBus: BufferUpdate[what=SAVING,view=org.gjt.sp.jedit.View[active],source=eksempel2 (%USERPROFILE%\SkyDrive\Dokumenter\)]
19:23:14 [AWT-EventQueue-0] [debug] EditBus: BufferUpdate[what=PROPERTIES_CHANGED,view=null,source=eksempel2 (%USERPROFILE%\SkyDrive\Dokumenter\)]
19:23:14 [AWT-EventQueue-0] [debug] EditBus: BufferUpdate[what=DIRTY_CHANGED,view=org.gjt.sp.jedit.View[active],source=eksempel2 (%USERPROFILE%\SkyDrive\Dokumenter\)]
19:23:14 [AWT-EventQueue-0] [debug] EditBus: BufferUpdate[what=SAVED,view=org.gjt.sp.jedit.View[active],source=eksempel2 (%USERPROFILE%\SkyDrive\Dokumenter\)]
19:23:14 [AWT-EventQueue-0] [debug] EditBus: VFSUpdate[path=C:\Users\Abdinasir\SkyDrive\Dokumenter,source=null]
19:23:14 [AWT-EventQueue-0] [debug] EditBus: VFSUpdate[path=C:\Users\Abdinasir\SkyDrive\Dokumenter\#eksempel2#save#,source=null]
19:23:14 [AWT-EventQueue-0] [debug] EditBus: VFSUpdate[path=C:\Users\Abdinasir\SkyDrive\Dokumenter\eksempel2,source=null]
19:23:24 [AWT-EventQueue-0] [debug] EditBus: BufferUpdate[what=SAVING,view=org.gjt.sp.jedit.View[active],source=eksempel2 (%USERPROFILE%\SkyDrive\Dokumenter\)]
19:23:24 [AWT-EventQueue-0] [debug] EditBus: BufferUpdate[what=PROPERTIES_CHANGED,view=null,source=eksempel3 (%USERPROFILE%\SkyDrive\Dokumenter\)]
19:23:24 [AWT-EventQueue-0] [debug] EditBus: BufferUpdate[what=DIRTY_CHANGED,view=org.gjt.sp.jedit.View[active],source=eksempel3 (%USERPROFILE%\SkyDrive\Dokumenter\)]
19:23:24 [AWT-EventQueue-0] [debug] EditBus: BufferUpdate[what=SAVED,view=org.gjt.sp.jedit.View[active],source=eksempel3 (%USERPROFILE%\SkyDrive\Dokumenter\)]
19:23:24 [AWT-EventQueue-0] [debug] EditBus: VFSUpdate[path=C:\Users\Abdinasir\SkyDrive\Dokumenter,source=null]
19:23:24 [AWT-EventQueue-0] [debug] EditBus: VFSUpdate[path=C:\Users\Abdinasir\SkyDrive\Dokumenter\#eksempel3#save#,source=null]
19:23:24 [AWT-EventQueue-0] [debug] EditBus: VFSUpdate[path=C:\Users\Abdinasir\SkyDrive\Dokumenter\eksempel3,source=null]
19:23:39 [AWT-EventQueue-0] [debug] EditBus: BufferUpdate[what=LOAD_STARTED,view=org.gjt.sp.jedit.View[active],source=eksempel2 (%USERPROFILE%\SkyDrive\Dokumenter\)]
19:23:39 [AWT-EventQueue-0] [debug] BufferSet: 1206841345 addBufferAt(eksempel2 (%USERPROFILE%\SkyDrive\Dokumenter\),-1)
19:23:39 [AWT-EventQueue-0] [debug] BufferSet: 1206841345: Buffer added eksempel2 (%USERPROFILE%\SkyDrive\Dokumenter\) at 1
19:23:39 [AWT-EventQueue-0] [debug] EditBus: BufferUpdate[what=CREATED,view=org.gjt.sp.jedit.View[active],source=eksempel2 (%USERPROFILE%\SkyDrive\Dokumenter\)]
19:23:39 [AWT-EventQueue-0] [debug] EditBus: BufferChanging[what=BUFFER_CHANGING,source=org.gjt.sp.jedit.EditPane[active]]
19:23:39 [AWT-EventQueue-0] [debug] EditBus: DynamicMenuChanged[menu=recent-files,source=null]
19:23:39 [AWT-EventQueue-0] [debug] EditBus: EditPaneUpdate[what=BUFFER_CHANGED,source=org.gjt.sp.jedit.EditPane[active]]
19:23:39 [AWT-EventQueue-0] [debug] EditBus: BufferUpdate[what=PROPERTIES_CHANGED,view=null,source=eksempel2 (%USERPROFILE%\SkyDrive\Dokumenter\)]
19:23:39 [AWT-EventQueue-0] [debug] EditBus: BufferUpdate[what=LOADED,view=org.gjt.sp.jedit.View[active],source=eksempel2 (%USERPROFILE%\SkyDrive\Dokumenter\)]
19:23:57 [AWT-EventQueue-0] [debug] EditBus: DynamicMenuChanged[menu=recent-files,source=null]
19:23:57 [AWT-EventQueue-0] [debug] EditBus: BufferUpdate[what=LOAD_STARTED,view=org.gjt.sp.jedit.View[active],source=eksempel2 (%USERPROFILE%\SkyDrive\Dokumenter\)]
19:23:57 [AWT-EventQueue-0] [debug] EditBus: BufferUpdate[what=PROPERTIES_CHANGED,view=null,source=eksempel2 (%USERPROFILE%\SkyDrive\Dokumenter\)]
19:23:57 [AWT-EventQueue-0] [debug] EditBus: BufferUpdate[what=LOADED,view=org.gjt.sp.jedit.View[active],source=eksempel2 (%USERPROFILE%\SkyDrive\Dokumenter\)]
19:24:05 [AWT-EventQueue-0] [debug] MiscUtilities: Saving backup of file "C:\Users\Abdinasir\Documents\GitHub\jEdit\build\settings\perspective.xml" to "C:\Users\Abdinasir\Documents\GitHub\jEdit\build\settings\settings-backup\perspective.xml~1~"
19:24:25 [AWT-EventQueue-0] [debug] EditBus: ViewUpdate[what=VIEW_ACTIVATED,source=org.gjt.sp.jedit.View[active]]
19:24:25 [AWT-EventQueue-0] [debug] jEdit: checkBufferStatus for all buffers
19:24:25 [AWT-EventQueue-0] [debug] EditBus: DynamicMenuChanged[menu=recent-files,source=null]
19:24:25 [AWT-EventQueue-0] [debug] EditBus: PositionChanging[what=POSITION_CHANGING,source=org.gjt.sp.jedit.EditPane[active]]
19:24:29 [AWT-EventQueue-0] [debug] EditBus: ViewUpdate[what=VIEW_ACTIVATED,source=org.gjt.sp.jedit.View[active]]
19:24:29 [AWT-EventQueue-0] [debug] jEdit: checkBufferStatus for all buffers
19:24:29 [AWT-EventQueue-0] [debug] EditBus: DynamicMenuChanged[menu=recent-files,source=null]
